<?xml version="1.0" encoding="UTF-8"?>
<!-- Generated by org.testng.reporters.JUnitReportReporter -->
<testsuite skipped="0" hostname="Vinodh" name="com.PageTest.PageFactoryTestMethod" tests="1" failures="0" timestamp="9 Mar 2017 01:17:35 GMT" time="7.129" errors="0">
  <testcase name="sininginpagetest" time="7.129" classname="com.PageTest.PageFactoryTestMethod"/>
</testsuite> <!-- com.PageTest.PageFactoryTestMethod -->
