<?xml version="1.0" encoding="UTF-8"?>
<!-- Generated by org.testng.reporters.JUnitReportReporter -->
<testsuite skipped="0" hostname="Vinodh" name="com.PageTest.PageObjectTestMethod" tests="1" failures="0" timestamp="9 Mar 2017 01:15:57 GMT" time="15.215" errors="0">
  <testcase name="GithubTest" time="15.215" classname="com.PageTest.PageObjectTestMethod"/>
</testsuite> <!-- com.PageTest.PageObjectTestMethod -->
