<?xml version="1.0" encoding="UTF-8"?>
<!-- Generated by org.testng.reporters.JUnitReportReporter -->
<testsuite skipped="0" hostname="Vinodh" name="com.PageTest.TestMethod" tests="1" failures="0" timestamp="9 Mar 2017 01:08:28 GMT" time="6.614" errors="0">
  <testcase name="sininginpagetest" time="6.614" classname="com.PageTest.TestMethod"/>
</testsuite> <!-- com.PageTest.TestMethod -->
